\BOOKMARK [0][-]{chapter.1}{Similarity\040&\040generalisation\040in\040Turkish\040vowel\040allophony}{}% 1
\BOOKMARK [1][-]{section.1.1}{Introduction}{chapter.1}% 2
\BOOKMARK [2][-]{subsection.1.1.1}{On\040classes}{section.1.1}% 3
\BOOKMARK [2][-]{subsection.1.1.2}{The\040origin\040of\040active\040classes}{section.1.1}% 4
\BOOKMARK [2][-]{subsection.1.1.3}{This\040chapter}{section.1.1}% 5
\BOOKMARK [1][-]{section.1.2}{Unexpected\040extensions}{chapter.1}% 6
\BOOKMARK [2][-]{subsection.1.2.1}{Northeastern\040Swiss\040German}{section.1.2}% 7
\BOOKMARK [2][-]{subsection.1.2.2}{Georgian}{section.1.2}% 8
\BOOKMARK [1][-]{section.1.3}{Pre-sonorant\040mid\040vowel\040lowering\040in\040Turkish}{chapter.1}% 9
\BOOKMARK [2][-]{subsection.1.3.1}{Notes\040on\040the\040overall\040system}{section.1.3}% 10
\BOOKMARK [2][-]{subsection.1.3.2}{The\040case}{section.1.3}% 11
\BOOKMARK [2][-]{subsection.1.3.3}{Coda-triggered\040height\040effects}{section.1.3}% 12
\BOOKMARK [2][-]{subsection.1.3.4}{This\040study}{section.1.3}% 13
\BOOKMARK [1][-]{section.1.4}{Methodology\040and\040sample}{chapter.1}% 14
\BOOKMARK [1][-]{section.1.5}{Data}{chapter.1}% 15
\BOOKMARK [2][-]{subsection.1.5.1}{Distribution\040and\040categoricity}{section.1.5}% 16
\BOOKMARK [2][-]{subsection.1.5.2}{Triggering\040segments}{section.1.5}% 17
\BOOKMARK [2][-]{subsection.1.5.3}{Duration}{section.1.5}% 18
\BOOKMARK [2][-]{subsection.1.5.4}{Exceptionality}{section.1.5}% 19
\BOOKMARK [2][-]{subsection.1.5.5}{Generalisations\040to\040the\040voiced\040fricatives}{section.1.5}% 20
\BOOKMARK [1][-]{section.1.6}{Reconstructing\040a\040sound\040change}{chapter.1}% 21
\BOOKMARK [2][-]{subsection.1.6.1}{Mid\040vowels\040in\040non-standard\040dialects\040and\040related\040languages}{section.1.6}% 22
\BOOKMARK [2][-]{subsection.1.6.2}{Variation\040\(and\040theme\)}{section.1.6}% 23
\BOOKMARK [1][-]{section.1.7}{In\040sum}{chapter.1}% 24
\BOOKMARK [0][-]{chapter*.62}{Bibliography}{}% 25
